[0.509s] DEBUG:colcon:Command line arguments: ['/usr/bin/colcon', 'build', '--packages-select', 'behavior_planner']
[0.509s] DEBUG:colcon:Parsed command line arguments: Namespace(log_base=None, log_level=None, verb_name='build', build_base='build', install_base='install', merge_install=False, symlink_install=False, test_result_base=None, continue_on_error=False, executor='parallel', parallel_workers=8, event_handlers=None, ignore_user_meta=False, metas=['./colcon.meta'], base_paths=['.'], packages_ignore=None, packages_ignore_regex=None, paths=None, packages_up_to=None, packages_up_to_regex=None, packages_above=None, packages_above_and_dependencies=None, packages_above_depth=None, packages_select_by_dep=None, packages_skip_by_dep=None, packages_skip_up_to=None, packages_select_build_failed=False, packages_skip_build_finished=False, packages_select_test_failures=False, packages_skip_test_passed=False, packages_select=['behavior_planner'], packages_skip=None, packages_select_regex=None, packages_skip_regex=None, packages_start=None, packages_end=None, allow_overriding=[], cmake_args=None, cmake_target=None, cmake_target_skip_unavailable=False, cmake_clean_cache=False, cmake_clean_first=False, cmake_force_configure=False, ament_cmake_args=None, catkin_cmake_args=None, catkin_skip_building_tests=False, mixin_files=None, mixin=None, verb_parser=<colcon_mixin.mixin.mixin_argument.MixinArgumentDecorator object at 0x7f10b8bd38b0>, verb_extension=<colcon_core.verb.build.BuildVerb object at 0x7f10b8d947f0>, main=<bound method BuildVerb.main of <colcon_core.verb.build.BuildVerb object at 0x7f10b8d947f0>>, mixin_verb=('build',))
[1.400s] Level 1:colcon.colcon_core.package_discovery:discover_packages(colcon_meta) check parameters
[1.401s] Level 1:colcon.colcon_core.package_discovery:discover_packages(recursive) check parameters
[1.401s] Level 1:colcon.colcon_core.package_discovery:discover_packages(ignore) check parameters
[1.401s] Level 1:colcon.colcon_core.package_discovery:discover_packages(path) check parameters
[1.401s] Level 1:colcon.colcon_core.package_discovery:discover_packages(colcon_meta) discover
[1.401s] Level 1:colcon.colcon_core.package_discovery:discover_packages(recursive) discover
[1.401s] INFO:colcon.colcon_core.package_discovery:Crawling recursively for packages in '/home/edina/ros2_ws/src/Automatic_emergency_brake_group2'
[1.402s] Level 1:colcon.colcon_core.package_identification:_identify(.) by extensions ['ignore', 'ignore_ament_install']
[1.402s] Level 1:colcon.colcon_core.package_identification:_identify(.) by extension 'ignore'
[1.402s] Level 1:colcon.colcon_core.package_identification:_identify(.) by extension 'ignore_ament_install'
[1.402s] Level 1:colcon.colcon_core.package_identification:_identify(.) by extensions ['colcon_pkg']
[1.403s] Level 1:colcon.colcon_core.package_identification:_identify(.) by extension 'colcon_pkg'
[1.403s] Level 1:colcon.colcon_core.package_identification:_identify(.) by extensions ['colcon_meta']
[1.403s] Level 1:colcon.colcon_core.package_identification:_identify(.) by extension 'colcon_meta'
[1.403s] Level 1:colcon.colcon_core.package_identification:_identify(.) by extensions ['ros']
[1.403s] Level 1:colcon.colcon_core.package_identification:_identify(.) by extension 'ros'
[1.442s] Level 1:colcon.colcon_core.package_identification:_identify(.) by extensions ['cmake', 'python']
[1.442s] Level 1:colcon.colcon_core.package_identification:_identify(.) by extension 'cmake'
[1.443s] Level 1:colcon.colcon_core.package_identification:_identify(.) by extension 'python'
[1.443s] Level 1:colcon.colcon_core.package_identification:_identify(.) by extensions ['python_setup_py']
[1.443s] Level 1:colcon.colcon_core.package_identification:_identify(.) by extension 'python_setup_py'
[1.444s] Level 1:colcon.colcon_core.package_identification:_identify(behavior_planner) by extensions ['ignore', 'ignore_ament_install']
[1.444s] Level 1:colcon.colcon_core.package_identification:_identify(behavior_planner) by extension 'ignore'
[1.445s] Level 1:colcon.colcon_core.package_identification:_identify(behavior_planner) by extension 'ignore_ament_install'
[1.445s] Level 1:colcon.colcon_core.package_identification:_identify(behavior_planner) by extensions ['colcon_pkg']
[1.446s] Level 1:colcon.colcon_core.package_identification:_identify(behavior_planner) by extension 'colcon_pkg'
[1.446s] Level 1:colcon.colcon_core.package_identification:_identify(behavior_planner) by extensions ['colcon_meta']
[1.446s] Level 1:colcon.colcon_core.package_identification:_identify(behavior_planner) by extension 'colcon_meta'
[1.446s] Level 1:colcon.colcon_core.package_identification:_identify(behavior_planner) by extensions ['ros']
[1.446s] Level 1:colcon.colcon_core.package_identification:_identify(behavior_planner) by extension 'ros'
[1.453s] DEBUG:colcon.colcon_core.package_identification:Package 'behavior_planner' with type 'ros.ament_cmake' and name 'behavior_planner'
[1.454s] Level 1:colcon.colcon_core.package_identification:_identify(build) by extensions ['ignore', 'ignore_ament_install']
[1.454s] Level 1:colcon.colcon_core.package_identification:_identify(build) by extension 'ignore'
[1.454s] Level 1:colcon.colcon_core.package_identification:_identify(build) ignored
[1.455s] Level 1:colcon.colcon_core.package_identification:_identify(doc) by extensions ['ignore', 'ignore_ament_install']
[1.455s] Level 1:colcon.colcon_core.package_identification:_identify(doc) by extension 'ignore'
[1.456s] Level 1:colcon.colcon_core.package_identification:_identify(doc) by extension 'ignore_ament_install'
[1.456s] Level 1:colcon.colcon_core.package_identification:_identify(doc) by extensions ['colcon_pkg']
[1.456s] Level 1:colcon.colcon_core.package_identification:_identify(doc) by extension 'colcon_pkg'
[1.456s] Level 1:colcon.colcon_core.package_identification:_identify(doc) by extensions ['colcon_meta']
[1.456s] Level 1:colcon.colcon_core.package_identification:_identify(doc) by extension 'colcon_meta'
[1.457s] Level 1:colcon.colcon_core.package_identification:_identify(doc) by extensions ['ros']
[1.457s] Level 1:colcon.colcon_core.package_identification:_identify(doc) by extension 'ros'
[1.457s] Level 1:colcon.colcon_core.package_identification:_identify(doc) by extensions ['cmake', 'python']
[1.457s] Level 1:colcon.colcon_core.package_identification:_identify(doc) by extension 'cmake'
[1.458s] Level 1:colcon.colcon_core.package_identification:_identify(doc) by extension 'python'
[1.458s] Level 1:colcon.colcon_core.package_identification:_identify(doc) by extensions ['python_setup_py']
[1.458s] Level 1:colcon.colcon_core.package_identification:_identify(doc) by extension 'python_setup_py'
[1.459s] Level 1:colcon.colcon_core.package_identification:_identify(doc/images) by extensions ['ignore', 'ignore_ament_install']
[1.459s] Level 1:colcon.colcon_core.package_identification:_identify(doc/images) by extension 'ignore'
[1.459s] Level 1:colcon.colcon_core.package_identification:_identify(doc/images) by extension 'ignore_ament_install'
[1.460s] Level 1:colcon.colcon_core.package_identification:_identify(doc/images) by extensions ['colcon_pkg']
[1.460s] Level 1:colcon.colcon_core.package_identification:_identify(doc/images) by extension 'colcon_pkg'
[1.460s] Level 1:colcon.colcon_core.package_identification:_identify(doc/images) by extensions ['colcon_meta']
[1.460s] Level 1:colcon.colcon_core.package_identification:_identify(doc/images) by extension 'colcon_meta'
[1.461s] Level 1:colcon.colcon_core.package_identification:_identify(doc/images) by extensions ['ros']
[1.461s] Level 1:colcon.colcon_core.package_identification:_identify(doc/images) by extension 'ros'
[1.462s] Level 1:colcon.colcon_core.package_identification:_identify(doc/images) by extensions ['cmake', 'python']
[1.462s] Level 1:colcon.colcon_core.package_identification:_identify(doc/images) by extension 'cmake'
[1.462s] Level 1:colcon.colcon_core.package_identification:_identify(doc/images) by extension 'python'
[1.462s] Level 1:colcon.colcon_core.package_identification:_identify(doc/images) by extensions ['python_setup_py']
[1.462s] Level 1:colcon.colcon_core.package_identification:_identify(doc/images) by extension 'python_setup_py'
[1.463s] Level 1:colcon.colcon_core.package_identification:_identify(examples) by extensions ['ignore', 'ignore_ament_install']
[1.463s] Level 1:colcon.colcon_core.package_identification:_identify(examples) by extension 'ignore'
[1.464s] Level 1:colcon.colcon_core.package_identification:_identify(examples) by extension 'ignore_ament_install'
[1.464s] Level 1:colcon.colcon_core.package_identification:_identify(examples) by extensions ['colcon_pkg']
[1.464s] Level 1:colcon.colcon_core.package_identification:_identify(examples) by extension 'colcon_pkg'
[1.464s] Level 1:colcon.colcon_core.package_identification:_identify(examples) by extensions ['colcon_meta']
[1.464s] Level 1:colcon.colcon_core.package_identification:_identify(examples) by extension 'colcon_meta'
[1.464s] Level 1:colcon.colcon_core.package_identification:_identify(examples) by extensions ['ros']
[1.464s] Level 1:colcon.colcon_core.package_identification:_identify(examples) by extension 'ros'
[1.465s] Level 1:colcon.colcon_core.package_identification:_identify(examples) by extensions ['cmake', 'python']
[1.465s] Level 1:colcon.colcon_core.package_identification:_identify(examples) by extension 'cmake'
[1.465s] Level 1:colcon.colcon_core.package_identification:_identify(examples) by extension 'python'
[1.466s] Level 1:colcon.colcon_core.package_identification:_identify(examples) by extensions ['python_setup_py']
[1.466s] Level 1:colcon.colcon_core.package_identification:_identify(examples) by extension 'python_setup_py'
[1.466s] Level 1:colcon.colcon_core.package_identification:_identify(examples/c++) by extensions ['ignore', 'ignore_ament_install']
[1.466s] Level 1:colcon.colcon_core.package_identification:_identify(examples/c++) by extension 'ignore'
[1.467s] Level 1:colcon.colcon_core.package_identification:_identify(examples/c++) by extension 'ignore_ament_install'
[1.467s] Level 1:colcon.colcon_core.package_identification:_identify(examples/c++) by extensions ['colcon_pkg']
[1.467s] Level 1:colcon.colcon_core.package_identification:_identify(examples/c++) by extension 'colcon_pkg'
[1.467s] Level 1:colcon.colcon_core.package_identification:_identify(examples/c++) by extensions ['colcon_meta']
[1.467s] Level 1:colcon.colcon_core.package_identification:_identify(examples/c++) by extension 'colcon_meta'
[1.467s] Level 1:colcon.colcon_core.package_identification:_identify(examples/c++) by extensions ['ros']
[1.468s] Level 1:colcon.colcon_core.package_identification:_identify(examples/c++) by extension 'ros'
[1.468s] Level 1:colcon.colcon_core.package_identification:_identify(examples/c++) by extensions ['cmake', 'python']
[1.468s] Level 1:colcon.colcon_core.package_identification:_identify(examples/c++) by extension 'cmake'
[1.468s] Level 1:colcon.colcon_core.package_identification:_identify(examples/c++) by extension 'python'
[1.469s] Level 1:colcon.colcon_core.package_identification:_identify(examples/c++) by extensions ['python_setup_py']
[1.469s] Level 1:colcon.colcon_core.package_identification:_identify(examples/c++) by extension 'python_setup_py'
[1.469s] Level 1:colcon.colcon_core.package_identification:_identify(examples/c++/basic_concepts) by extensions ['ignore', 'ignore_ament_install']
[1.470s] Level 1:colcon.colcon_core.package_identification:_identify(examples/c++/basic_concepts) by extension 'ignore'
[1.470s] Level 1:colcon.colcon_core.package_identification:_identify(examples/c++/basic_concepts) by extension 'ignore_ament_install'
[1.470s] Level 1:colcon.colcon_core.package_identification:_identify(examples/c++/basic_concepts) by extensions ['colcon_pkg']
[1.470s] Level 1:colcon.colcon_core.package_identification:_identify(examples/c++/basic_concepts) by extension 'colcon_pkg'
[1.470s] Level 1:colcon.colcon_core.package_identification:_identify(examples/c++/basic_concepts) by extensions ['colcon_meta']
[1.470s] Level 1:colcon.colcon_core.package_identification:_identify(examples/c++/basic_concepts) by extension 'colcon_meta'
[1.471s] Level 1:colcon.colcon_core.package_identification:_identify(examples/c++/basic_concepts) by extensions ['ros']
[1.471s] Level 1:colcon.colcon_core.package_identification:_identify(examples/c++/basic_concepts) by extension 'ros'
[1.472s] DEBUG:colcon.colcon_core.package_identification:Package 'examples/c++/basic_concepts' with type 'ros.ament_cmake' and name 'basic_concepts'
[1.473s] Level 1:colcon.colcon_core.package_identification:_identify(examples/c++/velocity_estimator) by extensions ['ignore', 'ignore_ament_install']
[1.473s] Level 1:colcon.colcon_core.package_identification:_identify(examples/c++/velocity_estimator) by extension 'ignore'
[1.474s] Level 1:colcon.colcon_core.package_identification:_identify(examples/c++/velocity_estimator) by extension 'ignore_ament_install'
[1.474s] Level 1:colcon.colcon_core.package_identification:_identify(examples/c++/velocity_estimator) by extensions ['colcon_pkg']
[1.474s] Level 1:colcon.colcon_core.package_identification:_identify(examples/c++/velocity_estimator) by extension 'colcon_pkg'
[1.474s] Level 1:colcon.colcon_core.package_identification:_identify(examples/c++/velocity_estimator) by extensions ['colcon_meta']
[1.474s] Level 1:colcon.colcon_core.package_identification:_identify(examples/c++/velocity_estimator) by extension 'colcon_meta'
[1.474s] Level 1:colcon.colcon_core.package_identification:_identify(examples/c++/velocity_estimator) by extensions ['ros']
[1.474s] Level 1:colcon.colcon_core.package_identification:_identify(examples/c++/velocity_estimator) by extension 'ros'
[1.477s] DEBUG:colcon.colcon_core.package_identification:Package 'examples/c++/velocity_estimator' with type 'ros.ament_cmake' and name 'velocity_estimator'
[1.478s] Level 1:colcon.colcon_core.package_identification:_identify(install) by extensions ['ignore', 'ignore_ament_install']
[1.478s] Level 1:colcon.colcon_core.package_identification:_identify(install) by extension 'ignore'
[1.478s] Level 1:colcon.colcon_core.package_identification:_identify(install) ignored
[1.479s] Level 1:colcon.colcon_core.package_identification:_identify(log) by extensions ['ignore', 'ignore_ament_install']
[1.479s] Level 1:colcon.colcon_core.package_identification:_identify(log) by extension 'ignore'
[1.479s] Level 1:colcon.colcon_core.package_identification:_identify(log) ignored
[1.479s] Level 1:colcon.colcon_core.package_discovery:discover_packages(recursive) using defaults
[1.479s] Level 1:colcon.colcon_core.package_discovery:discover_packages(ignore) discover
[1.479s] Level 1:colcon.colcon_core.package_discovery:discover_packages(ignore) using defaults
[1.480s] Level 1:colcon.colcon_core.package_discovery:discover_packages(path) discover
[1.480s] Level 1:colcon.colcon_core.package_discovery:discover_packages(path) using defaults
[1.568s] INFO:colcon.colcon_core.package_selection:Skipping not selected package 'basic_concepts' in 'examples/c++/basic_concepts'
[1.568s] INFO:colcon.colcon_core.package_selection:Skipping not selected package 'velocity_estimator' in 'examples/c++/velocity_estimator'
[1.570s] Level 1:colcon.colcon_core.package_discovery:discover_packages(prefix_path) check parameters
[1.570s] Level 1:colcon.colcon_core.package_discovery:discover_packages(prefix_path) discover
[1.592s] DEBUG:colcon.colcon_installed_package_information.package_discovery:Found 22 installed packages in /home/edina/ros2_ws/install
[1.599s] DEBUG:colcon.colcon_installed_package_information.package_discovery:Found 282 installed packages in /opt/ros/humble
[1.602s] Level 1:colcon.colcon_core.package_discovery:discover_packages(prefix_path) using defaults
[1.788s] Level 5:colcon.colcon_core.verb:set package 'behavior_planner' build argument 'cmake_args' from command line to 'None'
[1.788s] Level 5:colcon.colcon_core.verb:set package 'behavior_planner' build argument 'cmake_target' from command line to 'None'
[1.788s] Level 5:colcon.colcon_core.verb:set package 'behavior_planner' build argument 'cmake_target_skip_unavailable' from command line to 'False'
[1.788s] Level 5:colcon.colcon_core.verb:set package 'behavior_planner' build argument 'cmake_clean_cache' from command line to 'False'
[1.788s] Level 5:colcon.colcon_core.verb:set package 'behavior_planner' build argument 'cmake_clean_first' from command line to 'False'
[1.789s] Level 5:colcon.colcon_core.verb:set package 'behavior_planner' build argument 'cmake_force_configure' from command line to 'False'
[1.789s] Level 5:colcon.colcon_core.verb:set package 'behavior_planner' build argument 'ament_cmake_args' from command line to 'None'
[1.789s] Level 5:colcon.colcon_core.verb:set package 'behavior_planner' build argument 'catkin_cmake_args' from command line to 'None'
[1.789s] Level 5:colcon.colcon_core.verb:set package 'behavior_planner' build argument 'catkin_skip_building_tests' from command line to 'False'
[1.789s] DEBUG:colcon.colcon_core.verb:Building package 'behavior_planner' with the following arguments: {'ament_cmake_args': None, 'build_base': '/home/edina/ros2_ws/src/Automatic_emergency_brake_group2/build/behavior_planner', 'catkin_cmake_args': None, 'catkin_skip_building_tests': False, 'cmake_args': None, 'cmake_clean_cache': False, 'cmake_clean_first': False, 'cmake_force_configure': False, 'cmake_target': None, 'cmake_target_skip_unavailable': False, 'install_base': '/home/edina/ros2_ws/src/Automatic_emergency_brake_group2/install/behavior_planner', 'merge_install': False, 'path': '/home/edina/ros2_ws/src/Automatic_emergency_brake_group2/behavior_planner', 'symlink_install': False, 'test_result_base': None}
[1.789s] INFO:colcon.colcon_core.executor:Executing jobs using 'parallel' executor
[1.792s] DEBUG:colcon.colcon_parallel_executor.executor.parallel:run_until_complete
[1.793s] INFO:colcon.colcon_ros.task.ament_cmake.build:Building ROS package in '/home/edina/ros2_ws/src/Automatic_emergency_brake_group2/behavior_planner' with build type 'ament_cmake'
[1.793s] INFO:colcon.colcon_cmake.task.cmake.build:Building CMake package in '/home/edina/ros2_ws/src/Automatic_emergency_brake_group2/behavior_planner'
[1.804s] INFO:colcon.colcon_core.plugin_system:Skipping extension 'colcon_core.shell.bat': Not used on non-Windows systems
[1.805s] INFO:colcon.colcon_core.shell:Skip shell extension 'powershell' for command environment: Not usable outside of PowerShell
[1.805s] DEBUG:colcon.colcon_core.shell:Skip shell extension 'dsv' for command environment
[1.924s] DEBUG:colcon.colcon_core.event_handler.log_command:Invoking command in '/home/edina/ros2_ws/src/Automatic_emergency_brake_group2/build/behavior_planner': CMAKE_PREFIX_PATH=${CMAKE_PREFIX_PATH}:/opt/ros/humble /usr/bin/cmake /home/edina/ros2_ws/src/Automatic_emergency_brake_group2/behavior_planner -DCMAKE_INSTALL_PREFIX=/home/edina/ros2_ws/src/Automatic_emergency_brake_group2/install/behavior_planner
[17.145s] DEBUG:colcon.colcon_core.event_handler.log_command:Invoked command in '/home/edina/ros2_ws/src/Automatic_emergency_brake_group2/build/behavior_planner' returned '0': CMAKE_PREFIX_PATH=${CMAKE_PREFIX_PATH}:/opt/ros/humble /usr/bin/cmake /home/edina/ros2_ws/src/Automatic_emergency_brake_group2/behavior_planner -DCMAKE_INSTALL_PREFIX=/home/edina/ros2_ws/src/Automatic_emergency_brake_group2/install/behavior_planner
[17.151s] DEBUG:colcon.colcon_core.event_handler.log_command:Invoking command in '/home/edina/ros2_ws/src/Automatic_emergency_brake_group2/build/behavior_planner': CMAKE_PREFIX_PATH=${CMAKE_PREFIX_PATH}:/opt/ros/humble /usr/bin/cmake --build /home/edina/ros2_ws/src/Automatic_emergency_brake_group2/build/behavior_planner -- -j8 -l8
[43.985s] DEBUG:colcon.colcon_core.event_handler.log_command:Invoked command in '/home/edina/ros2_ws/src/Automatic_emergency_brake_group2/build/behavior_planner' returned '0': CMAKE_PREFIX_PATH=${CMAKE_PREFIX_PATH}:/opt/ros/humble /usr/bin/cmake --build /home/edina/ros2_ws/src/Automatic_emergency_brake_group2/build/behavior_planner -- -j8 -l8
[44.109s] DEBUG:colcon.colcon_core.event_handler.log_command:Invoking command in '/home/edina/ros2_ws/src/Automatic_emergency_brake_group2/build/behavior_planner': CMAKE_PREFIX_PATH=${CMAKE_PREFIX_PATH}:/opt/ros/humble /usr/bin/cmake --install /home/edina/ros2_ws/src/Automatic_emergency_brake_group2/build/behavior_planner
[44.359s] Level 1:colcon.colcon_core.environment:create_environment_scripts_only(behavior_planner)
[44.360s] DEBUG:colcon.colcon_core.event_handler.log_command:Invoked command in '/home/edina/ros2_ws/src/Automatic_emergency_brake_group2/build/behavior_planner' returned '0': CMAKE_PREFIX_PATH=${CMAKE_PREFIX_PATH}:/opt/ros/humble /usr/bin/cmake --install /home/edina/ros2_ws/src/Automatic_emergency_brake_group2/build/behavior_planner
[44.375s] Level 1:colcon.colcon_core.environment:checking '/home/edina/ros2_ws/src/Automatic_emergency_brake_group2/install/behavior_planner' for CMake module files
[44.378s] Level 1:colcon.colcon_core.environment:checking '/home/edina/ros2_ws/src/Automatic_emergency_brake_group2/install/behavior_planner' for CMake config files
[44.381s] Level 1:colcon.colcon_core.shell:create_environment_hook('behavior_planner', 'cmake_prefix_path')
[44.381s] INFO:colcon.colcon_core.shell:Creating environment hook '/home/edina/ros2_ws/src/Automatic_emergency_brake_group2/install/behavior_planner/share/behavior_planner/hook/cmake_prefix_path.ps1'
[44.386s] INFO:colcon.colcon_core.shell:Creating environment descriptor '/home/edina/ros2_ws/src/Automatic_emergency_brake_group2/install/behavior_planner/share/behavior_planner/hook/cmake_prefix_path.dsv'
[44.389s] INFO:colcon.colcon_core.shell:Creating environment hook '/home/edina/ros2_ws/src/Automatic_emergency_brake_group2/install/behavior_planner/share/behavior_planner/hook/cmake_prefix_path.sh'
[44.395s] Level 1:colcon.colcon_core.environment:checking '/home/edina/ros2_ws/src/Automatic_emergency_brake_group2/install/behavior_planner/lib'
[44.396s] Level 1:colcon.colcon_core.environment:checking '/home/edina/ros2_ws/src/Automatic_emergency_brake_group2/install/behavior_planner/bin'
[44.397s] Level 1:colcon.colcon_core.environment:checking '/home/edina/ros2_ws/src/Automatic_emergency_brake_group2/install/behavior_planner/lib/pkgconfig/behavior_planner.pc'
[44.397s] Level 1:colcon.colcon_core.environment:checking '/home/edina/ros2_ws/src/Automatic_emergency_brake_group2/install/behavior_planner/lib/python3.10/site-packages'
[44.398s] Level 1:colcon.colcon_core.environment:checking '/home/edina/ros2_ws/src/Automatic_emergency_brake_group2/install/behavior_planner/bin'
[44.399s] INFO:colcon.colcon_core.shell:Creating package script '/home/edina/ros2_ws/src/Automatic_emergency_brake_group2/install/behavior_planner/share/behavior_planner/package.ps1'
[44.402s] INFO:colcon.colcon_core.shell:Creating package descriptor '/home/edina/ros2_ws/src/Automatic_emergency_brake_group2/install/behavior_planner/share/behavior_planner/package.dsv'
[44.404s] INFO:colcon.colcon_core.shell:Creating package script '/home/edina/ros2_ws/src/Automatic_emergency_brake_group2/install/behavior_planner/share/behavior_planner/package.sh'
[44.409s] INFO:colcon.colcon_core.shell:Creating package script '/home/edina/ros2_ws/src/Automatic_emergency_brake_group2/install/behavior_planner/share/behavior_planner/package.bash'
[44.413s] INFO:colcon.colcon_core.shell:Creating package script '/home/edina/ros2_ws/src/Automatic_emergency_brake_group2/install/behavior_planner/share/behavior_planner/package.zsh'
[44.417s] Level 1:colcon.colcon_core.environment:create_file_with_runtime_dependencies(/home/edina/ros2_ws/src/Automatic_emergency_brake_group2/install/behavior_planner/share/colcon-core/packages/behavior_planner)
[44.422s] Level 1:colcon.colcon_core.environment:create_environment_scripts_only(behavior_planner)
[44.423s] Level 1:colcon.colcon_core.environment:checking '/home/edina/ros2_ws/src/Automatic_emergency_brake_group2/install/behavior_planner' for CMake module files
[44.426s] Level 1:colcon.colcon_core.environment:checking '/home/edina/ros2_ws/src/Automatic_emergency_brake_group2/install/behavior_planner' for CMake config files
[44.429s] Level 1:colcon.colcon_core.shell:create_environment_hook('behavior_planner', 'cmake_prefix_path')
[44.429s] INFO:colcon.colcon_core.shell:Creating environment hook '/home/edina/ros2_ws/src/Automatic_emergency_brake_group2/install/behavior_planner/share/behavior_planner/hook/cmake_prefix_path.ps1'
[44.431s] INFO:colcon.colcon_core.shell:Creating environment descriptor '/home/edina/ros2_ws/src/Automatic_emergency_brake_group2/install/behavior_planner/share/behavior_planner/hook/cmake_prefix_path.dsv'
[44.433s] INFO:colcon.colcon_core.shell:Creating environment hook '/home/edina/ros2_ws/src/Automatic_emergency_brake_group2/install/behavior_planner/share/behavior_planner/hook/cmake_prefix_path.sh'
[44.435s] Level 1:colcon.colcon_core.environment:checking '/home/edina/ros2_ws/src/Automatic_emergency_brake_group2/install/behavior_planner/lib'
[44.436s] Level 1:colcon.colcon_core.environment:checking '/home/edina/ros2_ws/src/Automatic_emergency_brake_group2/install/behavior_planner/bin'
[44.437s] Level 1:colcon.colcon_core.environment:checking '/home/edina/ros2_ws/src/Automatic_emergency_brake_group2/install/behavior_planner/lib/pkgconfig/behavior_planner.pc'
[44.437s] Level 1:colcon.colcon_core.environment:checking '/home/edina/ros2_ws/src/Automatic_emergency_brake_group2/install/behavior_planner/lib/python3.10/site-packages'
[44.438s] Level 1:colcon.colcon_core.environment:checking '/home/edina/ros2_ws/src/Automatic_emergency_brake_group2/install/behavior_planner/bin'
[44.439s] INFO:colcon.colcon_core.shell:Creating package script '/home/edina/ros2_ws/src/Automatic_emergency_brake_group2/install/behavior_planner/share/behavior_planner/package.ps1'
[44.441s] INFO:colcon.colcon_core.shell:Creating package descriptor '/home/edina/ros2_ws/src/Automatic_emergency_brake_group2/install/behavior_planner/share/behavior_planner/package.dsv'
[44.445s] INFO:colcon.colcon_core.shell:Creating package script '/home/edina/ros2_ws/src/Automatic_emergency_brake_group2/install/behavior_planner/share/behavior_planner/package.sh'
[44.447s] INFO:colcon.colcon_core.shell:Creating package script '/home/edina/ros2_ws/src/Automatic_emergency_brake_group2/install/behavior_planner/share/behavior_planner/package.bash'
[44.449s] INFO:colcon.colcon_core.shell:Creating package script '/home/edina/ros2_ws/src/Automatic_emergency_brake_group2/install/behavior_planner/share/behavior_planner/package.zsh'
[44.451s] Level 1:colcon.colcon_core.environment:create_file_with_runtime_dependencies(/home/edina/ros2_ws/src/Automatic_emergency_brake_group2/install/behavior_planner/share/colcon-core/packages/behavior_planner)
[44.452s] DEBUG:colcon.colcon_parallel_executor.executor.parallel:closing loop
[44.454s] DEBUG:colcon.colcon_parallel_executor.executor.parallel:loop closed
[44.454s] DEBUG:colcon.colcon_parallel_executor.executor.parallel:run_until_complete finished with '0'
[44.454s] DEBUG:colcon.colcon_core.event_reactor:joining thread
[44.534s] INFO:colcon.colcon_core.plugin_system:Skipping extension 'colcon_notification.desktop_notification.notify_send': Could not find 'notify-send'
[44.534s] INFO:colcon.colcon_core.plugin_system:Skipping extension 'colcon_notification.desktop_notification.terminal_notifier': Not used on non-Darwin systems
[44.535s] INFO:colcon.colcon_core.plugin_system:Skipping extension 'colcon_notification.desktop_notification.win32': Not used on non-Windows systems
[44.535s] INFO:colcon.colcon_notification.desktop_notification:Sending desktop notification using 'notify2'
[44.535s] DEBUG:colcon.colcon_notification.desktop_notification.notify2:Failed to initialize notify2: org.freedesktop.DBus.Error.NotSupported: Unable to autolaunch a dbus-daemon without a $DISPLAY for X11
[44.536s] DEBUG:colcon.colcon_core.event_reactor:joined thread
[44.536s] INFO:colcon.colcon_core.shell:Creating prefix script '/home/edina/ros2_ws/src/Automatic_emergency_brake_group2/install/local_setup.ps1'
[44.541s] INFO:colcon.colcon_core.shell:Creating prefix util module '/home/edina/ros2_ws/src/Automatic_emergency_brake_group2/install/_local_setup_util_ps1.py'
[44.548s] INFO:colcon.colcon_core.shell:Creating prefix chain script '/home/edina/ros2_ws/src/Automatic_emergency_brake_group2/install/setup.ps1'
[44.567s] INFO:colcon.colcon_core.shell:Creating prefix script '/home/edina/ros2_ws/src/Automatic_emergency_brake_group2/install/local_setup.sh'
[44.571s] INFO:colcon.colcon_core.shell:Creating prefix util module '/home/edina/ros2_ws/src/Automatic_emergency_brake_group2/install/_local_setup_util_sh.py'
[44.577s] INFO:colcon.colcon_core.shell:Creating prefix chain script '/home/edina/ros2_ws/src/Automatic_emergency_brake_group2/install/setup.sh'
[44.602s] INFO:colcon.colcon_core.shell:Creating prefix script '/home/edina/ros2_ws/src/Automatic_emergency_brake_group2/install/local_setup.bash'
[44.606s] INFO:colcon.colcon_core.shell:Creating prefix chain script '/home/edina/ros2_ws/src/Automatic_emergency_brake_group2/install/setup.bash'
[44.628s] INFO:colcon.colcon_core.shell:Creating prefix script '/home/edina/ros2_ws/src/Automatic_emergency_brake_group2/install/local_setup.zsh'
[44.631s] INFO:colcon.colcon_core.shell:Creating prefix chain script '/home/edina/ros2_ws/src/Automatic_emergency_brake_group2/install/setup.zsh'
