[7.427s] DEBUG:colcon:Command line arguments: ['/usr/bin/colcon', 'build']
[7.428s] DEBUG:colcon:Parsed command line arguments: Namespace(log_base=None, log_level=None, verb_name='build', build_base='build', install_base='install', merge_install=False, symlink_install=False, test_result_base=None, continue_on_error=False, executor='parallel', parallel_workers=8, event_handlers=None, ignore_user_meta=False, metas=['./colcon.meta'], base_paths=['.'], packages_ignore=None, packages_ignore_regex=None, paths=None, packages_up_to=None, packages_up_to_regex=None, packages_above=None, packages_above_and_dependencies=None, packages_above_depth=None, packages_select_by_dep=None, packages_skip_by_dep=None, packages_skip_up_to=None, packages_select_build_failed=False, packages_skip_build_finished=False, packages_select_test_failures=False, packages_skip_test_passed=False, packages_select=None, packages_skip=None, packages_select_regex=None, packages_skip_regex=None, packages_start=None, packages_end=None, allow_overriding=[], cmake_args=None, cmake_target=None, cmake_target_skip_unavailable=False, cmake_clean_cache=False, cmake_clean_first=False, cmake_force_configure=False, ament_cmake_args=None, catkin_cmake_args=None, catkin_skip_building_tests=False, mixin_files=None, mixin=None, verb_parser=<colcon_mixin.mixin.mixin_argument.MixinArgumentDecorator object at 0x7fcf54644ee0>, verb_extension=<colcon_core.verb.build.BuildVerb object at 0x7fcf54769e70>, main=<bound method BuildVerb.main of <colcon_core.verb.build.BuildVerb object at 0x7fcf54769e70>>, mixin_verb=('build',))
[18.868s] Level 1:colcon.colcon_core.package_discovery:discover_packages(colcon_meta) check parameters
[18.869s] Level 1:colcon.colcon_core.package_discovery:discover_packages(recursive) check parameters
[18.869s] Level 1:colcon.colcon_core.package_discovery:discover_packages(ignore) check parameters
[18.869s] Level 1:colcon.colcon_core.package_discovery:discover_packages(path) check parameters
[18.869s] Level 1:colcon.colcon_core.package_discovery:discover_packages(colcon_meta) discover
[18.869s] Level 1:colcon.colcon_core.package_discovery:discover_packages(recursive) discover
[18.870s] INFO:colcon.colcon_core.package_discovery:Crawling recursively for packages in '/home/edina/Automatic_emergency_brake_group2/plan_long_emergency'
[18.870s] Level 1:colcon.colcon_core.package_identification:_identify(.) by extensions ['ignore', 'ignore_ament_install']
[18.871s] Level 1:colcon.colcon_core.package_identification:_identify(.) by extension 'ignore'
[18.872s] Level 1:colcon.colcon_core.package_identification:_identify(.) by extension 'ignore_ament_install'
[18.872s] Level 1:colcon.colcon_core.package_identification:_identify(.) by extensions ['colcon_pkg']
[18.872s] Level 1:colcon.colcon_core.package_identification:_identify(.) by extension 'colcon_pkg'
[18.872s] Level 1:colcon.colcon_core.package_identification:_identify(.) by extensions ['colcon_meta']
[18.872s] Level 1:colcon.colcon_core.package_identification:_identify(.) by extension 'colcon_meta'
[18.873s] Level 1:colcon.colcon_core.package_identification:_identify(.) by extensions ['ros']
[18.873s] Level 1:colcon.colcon_core.package_identification:_identify(.) by extension 'ros'
[19.330s] DEBUG:colcon.colcon_core.package_identification:Package '.' with type 'ros.ament_cmake' and name 'plan_long_emergency'
[19.330s] Level 1:colcon.colcon_core.package_discovery:discover_packages(recursive) using defaults
[19.331s] Level 1:colcon.colcon_core.package_discovery:discover_packages(ignore) discover
[19.331s] Level 1:colcon.colcon_core.package_discovery:discover_packages(ignore) using defaults
[19.331s] Level 1:colcon.colcon_core.package_discovery:discover_packages(path) discover
[19.331s] Level 1:colcon.colcon_core.package_discovery:discover_packages(path) using defaults
[20.005s] Level 1:colcon.colcon_core.package_discovery:discover_packages(prefix_path) check parameters
[20.005s] Level 1:colcon.colcon_core.package_discovery:discover_packages(prefix_path) discover
[20.173s] DEBUG:colcon.colcon_installed_package_information.package_discovery:Found 276 installed packages in /opt/ros/humble
[20.176s] Level 1:colcon.colcon_core.package_discovery:discover_packages(prefix_path) using defaults
[20.487s] Level 5:colcon.colcon_core.verb:set package 'plan_long_emergency' build argument 'cmake_args' from command line to 'None'
[20.487s] Level 5:colcon.colcon_core.verb:set package 'plan_long_emergency' build argument 'cmake_target' from command line to 'None'
[20.487s] Level 5:colcon.colcon_core.verb:set package 'plan_long_emergency' build argument 'cmake_target_skip_unavailable' from command line to 'False'
[20.487s] Level 5:colcon.colcon_core.verb:set package 'plan_long_emergency' build argument 'cmake_clean_cache' from command line to 'False'
[20.487s] Level 5:colcon.colcon_core.verb:set package 'plan_long_emergency' build argument 'cmake_clean_first' from command line to 'False'
[20.487s] Level 5:colcon.colcon_core.verb:set package 'plan_long_emergency' build argument 'cmake_force_configure' from command line to 'False'
[20.487s] Level 5:colcon.colcon_core.verb:set package 'plan_long_emergency' build argument 'ament_cmake_args' from command line to 'None'
[20.487s] Level 5:colcon.colcon_core.verb:set package 'plan_long_emergency' build argument 'catkin_cmake_args' from command line to 'None'
[20.488s] Level 5:colcon.colcon_core.verb:set package 'plan_long_emergency' build argument 'catkin_skip_building_tests' from command line to 'False'
[20.488s] DEBUG:colcon.colcon_core.verb:Building package 'plan_long_emergency' with the following arguments: {'ament_cmake_args': None, 'build_base': '/home/edina/Automatic_emergency_brake_group2/plan_long_emergency/build/plan_long_emergency', 'catkin_cmake_args': None, 'catkin_skip_building_tests': False, 'cmake_args': None, 'cmake_clean_cache': False, 'cmake_clean_first': False, 'cmake_force_configure': False, 'cmake_target': None, 'cmake_target_skip_unavailable': False, 'install_base': '/home/edina/Automatic_emergency_brake_group2/plan_long_emergency/install/plan_long_emergency', 'merge_install': False, 'path': '/home/edina/Automatic_emergency_brake_group2/plan_long_emergency', 'symlink_install': False, 'test_result_base': None}
[20.488s] INFO:colcon.colcon_core.executor:Executing jobs using 'parallel' executor
[20.494s] DEBUG:colcon.colcon_parallel_executor.executor.parallel:run_until_complete
[20.495s] INFO:colcon.colcon_ros.task.ament_cmake.build:Building ROS package in '/home/edina/Automatic_emergency_brake_group2/plan_long_emergency' with build type 'ament_cmake'
[20.498s] INFO:colcon.colcon_cmake.task.cmake.build:Building CMake package in '/home/edina/Automatic_emergency_brake_group2/plan_long_emergency'
[20.723s] INFO:colcon.colcon_core.plugin_system:Skipping extension 'colcon_core.shell.bat': Not used on non-Windows systems
[20.724s] INFO:colcon.colcon_core.shell:Skip shell extension 'powershell' for command environment: Not usable outside of PowerShell
[20.724s] DEBUG:colcon.colcon_core.shell:Skip shell extension 'dsv' for command environment
[20.910s] DEBUG:colcon.colcon_core.event_handler.log_command:Invoking command in '/home/edina/Automatic_emergency_brake_group2/plan_long_emergency/build/plan_long_emergency': CMAKE_PREFIX_PATH=/opt/ros/humble /usr/bin/cmake /home/edina/Automatic_emergency_brake_group2/plan_long_emergency -DCMAKE_INSTALL_PREFIX=/home/edina/Automatic_emergency_brake_group2/plan_long_emergency/install/plan_long_emergency
[50.275s] DEBUG:colcon.colcon_core.event_handler.log_command:Invoked command in '/home/edina/Automatic_emergency_brake_group2/plan_long_emergency/build/plan_long_emergency' returned '1': CMAKE_PREFIX_PATH=/opt/ros/humble /usr/bin/cmake /home/edina/Automatic_emergency_brake_group2/plan_long_emergency -DCMAKE_INSTALL_PREFIX=/home/edina/Automatic_emergency_brake_group2/plan_long_emergency/install/plan_long_emergency
[50.432s] Level 1:colcon.colcon_core.environment:create_environment_scripts_only(plan_long_emergency)
[50.656s] Level 1:colcon.colcon_core.environment:checking '/home/edina/Automatic_emergency_brake_group2/plan_long_emergency/install/plan_long_emergency' for CMake module files
[50.658s] Level 1:colcon.colcon_core.environment:checking '/home/edina/Automatic_emergency_brake_group2/plan_long_emergency/install/plan_long_emergency' for CMake config files
[50.659s] Level 1:colcon.colcon_core.environment:checking '/home/edina/Automatic_emergency_brake_group2/plan_long_emergency/install/plan_long_emergency/bin'
[50.659s] Level 1:colcon.colcon_core.environment:checking '/home/edina/Automatic_emergency_brake_group2/plan_long_emergency/install/plan_long_emergency/lib/pkgconfig/plan_long_emergency.pc'
[50.660s] Level 1:colcon.colcon_core.environment:checking '/home/edina/Automatic_emergency_brake_group2/plan_long_emergency/install/plan_long_emergency/lib/python3.10/site-packages'
[50.660s] Level 1:colcon.colcon_core.environment:checking '/home/edina/Automatic_emergency_brake_group2/plan_long_emergency/install/plan_long_emergency/bin'
[50.661s] INFO:colcon.colcon_core.shell:Creating package script '/home/edina/Automatic_emergency_brake_group2/plan_long_emergency/install/plan_long_emergency/share/plan_long_emergency/package.ps1'
[50.707s] INFO:colcon.colcon_core.shell:Creating package descriptor '/home/edina/Automatic_emergency_brake_group2/plan_long_emergency/install/plan_long_emergency/share/plan_long_emergency/package.dsv'
[50.728s] INFO:colcon.colcon_core.shell:Creating package script '/home/edina/Automatic_emergency_brake_group2/plan_long_emergency/install/plan_long_emergency/share/plan_long_emergency/package.sh'
[50.772s] INFO:colcon.colcon_core.shell:Creating package script '/home/edina/Automatic_emergency_brake_group2/plan_long_emergency/install/plan_long_emergency/share/plan_long_emergency/package.bash'
[50.802s] INFO:colcon.colcon_core.shell:Creating package script '/home/edina/Automatic_emergency_brake_group2/plan_long_emergency/install/plan_long_emergency/share/plan_long_emergency/package.zsh'
[50.828s] Level 1:colcon.colcon_core.environment:create_file_with_runtime_dependencies(/home/edina/Automatic_emergency_brake_group2/plan_long_emergency/install/plan_long_emergency/share/colcon-core/packages/plan_long_emergency)
[50.833s] DEBUG:colcon.colcon_parallel_executor.executor.parallel:closing loop
[50.835s] DEBUG:colcon.colcon_parallel_executor.executor.parallel:loop closed
[50.835s] DEBUG:colcon.colcon_parallel_executor.executor.parallel:run_until_complete finished with '1'
[50.836s] DEBUG:colcon.colcon_core.event_reactor:joining thread
[51.313s] INFO:colcon.colcon_core.plugin_system:Skipping extension 'colcon_notification.desktop_notification.notify_send': Could not find 'notify-send'
[51.313s] INFO:colcon.colcon_core.plugin_system:Skipping extension 'colcon_notification.desktop_notification.terminal_notifier': Not used on non-Darwin systems
[51.314s] INFO:colcon.colcon_core.plugin_system:Skipping extension 'colcon_notification.desktop_notification.win32': Not used on non-Windows systems
[51.314s] INFO:colcon.colcon_notification.desktop_notification:Sending desktop notification using 'notify2'
[51.314s] DEBUG:colcon.colcon_notification.desktop_notification.notify2:Failed to initialize notify2: org.freedesktop.DBus.Error.NotSupported: Unable to autolaunch a dbus-daemon without a $DISPLAY for X11
[51.315s] DEBUG:colcon.colcon_core.event_reactor:joined thread
[51.316s] INFO:colcon.colcon_core.shell:Creating prefix script '/home/edina/Automatic_emergency_brake_group2/plan_long_emergency/install/local_setup.ps1'
[51.360s] INFO:colcon.colcon_core.shell:Creating prefix util module '/home/edina/Automatic_emergency_brake_group2/plan_long_emergency/install/_local_setup_util_ps1.py'
[51.402s] INFO:colcon.colcon_core.shell:Creating prefix chain script '/home/edina/Automatic_emergency_brake_group2/plan_long_emergency/install/setup.ps1'
[51.447s] INFO:colcon.colcon_core.shell:Creating prefix script '/home/edina/Automatic_emergency_brake_group2/plan_long_emergency/install/local_setup.sh'
[51.483s] INFO:colcon.colcon_core.shell:Creating prefix util module '/home/edina/Automatic_emergency_brake_group2/plan_long_emergency/install/_local_setup_util_sh.py'
[51.487s] INFO:colcon.colcon_core.shell:Creating prefix chain script '/home/edina/Automatic_emergency_brake_group2/plan_long_emergency/install/setup.sh'
[51.521s] INFO:colcon.colcon_core.shell:Creating prefix script '/home/edina/Automatic_emergency_brake_group2/plan_long_emergency/install/local_setup.bash'
[51.553s] INFO:colcon.colcon_core.shell:Creating prefix chain script '/home/edina/Automatic_emergency_brake_group2/plan_long_emergency/install/setup.bash'
[51.578s] INFO:colcon.colcon_core.shell:Creating prefix script '/home/edina/Automatic_emergency_brake_group2/plan_long_emergency/install/local_setup.zsh'
[51.606s] INFO:colcon.colcon_core.shell:Creating prefix chain script '/home/edina/Automatic_emergency_brake_group2/plan_long_emergency/install/setup.zsh'
