[0.411s] Invoking command in '/home/edina/Automatic_emergency_brake_group2/plan_long_emergency/build/plan_long_emergency': CMAKE_PREFIX_PATH=/opt/ros/humble /usr/bin/cmake /home/edina/Automatic_emergency_brake_group2/plan_long_emergency -DCMAKE_INSTALL_PREFIX=/home/edina/Automatic_emergency_brake_group2/plan_long_emergency/install/plan_long_emergency
[3.891s] -- The C compiler identification is GNU 11.4.0
[5.067s] -- The CXX compiler identification is GNU 11.4.0
[5.943s] -- Detecting C compiler ABI info
[6.963s] -- Detecting C compiler ABI info - done
[6.995s] -- Check for working C compiler: /usr/bin/cc - skipped
[7.024s] -- Detecting C compile features
[7.069s] -- Detecting C compile features - done
[7.215s] -- Detecting CXX compiler ABI info
[8.116s] -- Detecting CXX compiler ABI info - done
[8.147s] -- Check for working CXX compiler: /usr/bin/c++ - skipped
[8.149s] -- Detecting CXX compile features
[8.153s] -- Detecting CXX compile features - done
[8.256s] -- Found ament_cmake: 1.3.12 (/opt/ros/humble/share/ament_cmake/cmake)
[9.645s] -- Found Python3: /usr/bin/python3 (found version "3.10.12") found components: Interpreter 
[12.171s] -- Found rclcpp: 16.0.17 (/opt/ros/humble/share/rclcpp/cmake)
[14.236s] -- Found rosidl_generator_c: 3.1.8 (/opt/ros/humble/share/rosidl_generator_c/cmake)
[14.400s] -- Found rosidl_adapter: 3.1.8 (/opt/ros/humble/share/rosidl_adapter/cmake)
[14.900s] -- Found rosidl_generator_cpp: 3.1.8 (/opt/ros/humble/share/rosidl_generator_cpp/cmake)
[15.543s] -- Using all available rosidl_typesupport_c: rosidl_typesupport_fastrtps_c;rosidl_typesupport_introspection_c
[16.126s] -- Using all available rosidl_typesupport_cpp: rosidl_typesupport_fastrtps_cpp;rosidl_typesupport_introspection_cpp
[18.083s] -- Found rmw_implementation_cmake: 6.1.2 (/opt/ros/humble/share/rmw_implementation_cmake/cmake)
[18.276s] -- Found rmw_fastrtps_cpp: 6.2.9 (/opt/ros/humble/share/rmw_fastrtps_cpp/cmake)
[20.959s] -- Found OpenSSL: /usr/lib/x86_64-linux-gnu/libcrypto.so (found version "3.0.2")  
[21.646s] -- Found FastRTPS: /opt/ros/humble/include  
[22.562s] -- Using RMW implementation 'rmw_fastrtps_cpp' as default
[23.000s] -- Looking for pthread.h
[24.664s] -- Looking for pthread.h - found
[24.669s] -- Performing Test CMAKE_HAVE_LIBC_PTHREAD
[25.496s] -- Performing Test CMAKE_HAVE_LIBC_PTHREAD - Success
[25.501s] -- Found Threads: TRUE  
[27.594s] -- Found geometry_msgs: 4.9.0 (/opt/ros/humble/share/geometry_msgs/cmake)
[28.178s] -- Found nav_msgs: 4.9.0 (/opt/ros/humble/share/nav_msgs/cmake)
[28.782s] -- Found sensor_msgs: 4.9.0 (/opt/ros/humble/share/sensor_msgs/cmake)
[29.740s] [31mCMake Error at CMakeLists.txt:15 (find_package):
[29.741s]   By not providing "Findcrp_msgs.cmake" in CMAKE_MODULE_PATH this project has
[29.741s]   asked CMake to find a package configuration file provided by "crp_msgs",
[29.742s]   but CMake did not find one.
[29.742s] 
[29.742s]   Could not find a package configuration file provided by "crp_msgs" with any
[29.743s]   of the following names:
[29.743s] 
[29.743s]     crp_msgsConfig.cmake
[29.744s]     crp_msgs-config.cmake
[29.744s] 
[29.744s]   Add the installation prefix of "crp_msgs" to CMAKE_PREFIX_PATH or set
[29.745s]   "crp_msgs_DIR" to a directory containing one of the above files.  If
[29.749s]   "crp_msgs" provides a separate development package or SDK, be sure it has
[29.750s]   been installed.
[29.750s] 
[29.751s] [0m
[29.751s] -- Configuring incomplete, errors occurred!
[29.751s] See also "/home/edina/Automatic_emergency_brake_group2/plan_long_emergency/build/plan_long_emergency/CMakeFiles/CMakeOutput.log".
[29.775s] Invoked command in '/home/edina/Automatic_emergency_brake_group2/plan_long_emergency/build/plan_long_emergency' returned '1': CMAKE_PREFIX_PATH=/opt/ros/humble /usr/bin/cmake /home/edina/Automatic_emergency_brake_group2/plan_long_emergency -DCMAKE_INSTALL_PREFIX=/home/edina/Automatic_emergency_brake_group2/plan_long_emergency/install/plan_long_emergency
